Arguments: 
  /home/user/.nvm/versions/node/v16.15.1/bin/node /home/user/.nvm/versions/node/v16.15.1/bin/yarn add @fastify/cookies

PATH: 
  /home/user/.nvm/versions/node/v16.15.1/bin:/home/user/.local/bin:/usr/local/sbin:/usr/local/bin:/usr/sbin:/usr/bin:/sbin:/bin:/usr/games:/usr/local/games:/snap/bin:/snap/bin:/home/user/.dotnet/tools:/usr/local/go/bin:/usr/lib/jvm/java-11-openjdk-amd64:/usr/lib/jvm/java-11-openjdk-amd64

Yarn version: 
  1.22.19

Node version: 
  16.15.1

Platform: 
  linux x64

Trace: 
  Error: https://registry.yarnpkg.com/@fastify%2fcookies: Not found
      at Request.params.callback [as _callback] (/home/user/.nvm/versions/node/v16.15.1/lib/node_modules/yarn/lib/cli.js:66145:18)
      at Request.self.callback (/home/user/.nvm/versions/node/v16.15.1/lib/node_modules/yarn/lib/cli.js:140890:22)
      at Request.emit (node:events:527:28)
      at Request.<anonymous> (/home/user/.nvm/versions/node/v16.15.1/lib/node_modules/yarn/lib/cli.js:141862:10)
      at Request.emit (node:events:527:28)
      at IncomingMessage.<anonymous> (/home/user/.nvm/versions/node/v16.15.1/lib/node_modules/yarn/lib/cli.js:141784:12)
      at Object.onceWrapper (node:events:641:28)
      at IncomingMessage.emit (node:events:539:35)
      at endReadableNT (node:internal/streams/readable:1345:12)
      at processTicksAndRejections (node:internal/process/task_queues:83:21)

npm manifest: 
  {
    "devDependencies": {
      "@rocketseat/eslint-config": "^1.2.0",
      "@types/node": "^18.13.0",
      "eslint": "^8.34.0",
      "tslint": "^6.1.3",
      "tsx": "^3.12.3",
      "typescript": "^4.9.5"
    },
    "name": "fundamentos-node-02",
    "version": "1.0.0",
    "main": "index.js",
    "scripts": {
      "dev": "tsx watch src/server.ts",
      "knex": "node --no-warnings --loader tsx ./node_modules/.bin/knex",
      "lint": "eslint src -e .ts --fix"
    },
    "author": "marcoavfcc01121979",
    "license": "ISC",
    "description": "",
    "dependencies": {
      "dotenv": "^16.0.3",
      "fastify": "^4.13.0",
      "knex": "^2.4.2",
      "sqlite3": "^5.1.4",
      "zod": "^3.20.6"
    }
  }

yarn manifest: 
  No manifest

Lockfile: 
  No lockfile
